#
# There is insufficient memory for the Java Runtime Environment to continue.
# Native memory allocation (mmap) failed to map 43384832 bytes for committing reserved memory.
# Possible reasons:
#   The system is out of physical RAM or swap space
#   The process is running with CompressedOops enabled, and the Java Heap may be blocking the growth of the native heap
# Possible solutions:
#   Reduce memory load on the system
#   Increase physical memory or swap space
#   Check if swap backing store is full
#   Decrease Java heap size (-Xmx/-Xms)
#   Decrease number of Java threads
#   Decrease Java thread stack sizes (-Xss)
#   Set larger code cache with -XX:ReservedCodeCacheSize=
# This output file may be truncated or incomplete.
#
#  Out of Memory Error (os_linux.cpp:2757), pid=66060, tid=0x00007f2641001700
#
# JRE version:  (8.0_222-b10) (build )
# Java VM: OpenJDK 64-Bit Server VM (25.222-b10 mixed mode linux-amd64 compressed oops)
# Failed to write core dump. Core dumps have been disabled. To enable core dumping, try "ulimit -c unlimited" before starting Java again
#

---------------  T H R E A D  ---------------

Current thread (0x00007f263800e000):  JavaThread "Unknown thread" [_thread_in_vm, id=66069, stack(0x00007f2640f01000,0x00007f2641002000)]

Stack: [0x00007f2640f01000,0x00007f2641002000],  sp=0x00007f2641000530,  free space=1021k
Native frames: (J=compiled Java code, j=interpreted, Vv=VM code, C=native code)
V  [libjvm.so+0xa7787b]
V  [libjvm.so+0x4caa8c]
V  [libjvm.so+0x8c5da8]
V  [libjvm.so+0x8bd3ee]
V  [libjvm.so+0xa73fd4]
V  [libjvm.so+0x5d0d90]
V  [libjvm.so+0xa138f4]
V  [libjvm.so+0x5d1b2a]
V  [libjvm.so+0x5bdd8f]
V  [libjvm.so+0xa3b449]
V  [libjvm.so+0xa3b692]
V  [libjvm.so+0x6159df]
V  [libjvm.so+0xa20abb]
V  [libjvm.so+0x690402]  JNI_CreateJavaVM+0x62
C  [libjli.so+0x2ebf]
C  [libjli.so+0x737d]
C  [libpthread.so.0+0x76fa]  start_thread+0xca


---------------  P R O C E S S  ---------------

Java Threads: ( => current thread )

Other Threads:

=>0x00007f263800e000 (exited) JavaThread "Unknown thread" [_thread_in_vm, id=66069, stack(0x00007f2640f01000,0x00007f2641002000)]

VM state:not at safepoint (not fully initialized)

VM Mutex/Monitor currently owned by a thread: None

heap address: 0x00000000c3e00000, size: 962 MB, Compressed Oops mode: Non-zero based:0x00000000c3dff000
Narrow klass base: 0x0000000000000000, Narrow klass shift: 0

GC Heap History (0 events):
No events

Deoptimization events (0 events):
No events

Classes redefined (0 events):
No events

Internal exceptions (0 events):
No events

Events (0 events):
No events


Dynamic libraries:
00400000-00401000 r-xp 00000000 08:01 658293                             /usr/lib/jvm/java-8-openjdk-amd64/jre/bin/java
00600000-00601000 r--p 00000000 08:01 658293                             /usr/lib/jvm/java-8-openjdk-amd64/jre/bin/java
00601000-00602000 rw-p 00001000 08:01 658293                             /usr/lib/jvm/java-8-openjdk-amd64/jre/bin/java
0241b000-0243c000 rw-p 00000000 00:00 0                                  [heap]
c3e00000-c52a0000 rw-p 00000000 00:00 0 
c52a0000-d7ea0000 ---p 00000000 00:00 0 
da800000-100000000 ---p 00000000 00:00 0 
7f2629000000-7f2629270000 rwxp 00000000 00:00 0 
7f2629270000-7f2638000000 ---p 00000000 00:00 0 
7f2638000000-7f2638038000 rw-p 00000000 00:00 0 
7f2638038000-7f263c000000 ---p 00000000 00:00 0 
7f263c3bf000-7f263c3ca000 rw-p 00000000 00:00 0 
7f263c3ca000-7f263c5a0000 ---p 00000000 00:00 0 
7f263c5a0000-7f263c5ab000 rw-p 00000000 00:00 0 
7f263c5ab000-7f263c961000 ---p 00000000 00:00 0 
7f263c961000-7f263c969000 r-xp 00000000 08:01 659389                     /usr/lib/jvm/java-8-openjdk-amd64/jre/lib/amd64/libzip.so
7f263c969000-7f263cb68000 ---p 00008000 08:01 659389                     /usr/lib/jvm/java-8-openjdk-amd64/jre/lib/amd64/libzip.so
7f263cb68000-7f263cb69000 r--p 00007000 08:01 659389                     /usr/lib/jvm/java-8-openjdk-amd64/jre/lib/amd64/libzip.so
7f263cb69000-7f263cb6a000 rw-p 00008000 08:01 659389                     /usr/lib/jvm/java-8-openjdk-amd64/jre/lib/amd64/libzip.so
7f263cb6a000-7f263cb75000 r-xp 00000000 08:01 267411                     /lib/x86_64-linux-gnu/libnss_files-2.23.so
7f263cb75000-7f263cd74000 ---p 0000b000 08:01 267411                     /lib/x86_64-linux-gnu/libnss_files-2.23.so
7f263cd74000-7f263cd75000 r--p 0000a000 08:01 267411                     /lib/x86_64-linux-gnu/libnss_files-2.23.so
7f263cd75000-7f263cd76000 rw-p 0000b000 08:01 267411                     /lib/x86_64-linux-gnu/libnss_files-2.23.so
7f263cd76000-7f263cd7c000 rw-p 00000000 00:00 0 
7f263cd7c000-7f263cd87000 r-xp 00000000 08:01 267421                     /lib/x86_64-linux-gnu/libnss_nis-2.23.so
7f263cd87000-7f263cf86000 ---p 0000b000 08:01 267421                     /lib/x86_64-linux-gnu/libnss_nis-2.23.so
7f263cf86000-7f263cf87000 r--p 0000a000 08:01 267421                     /lib/x86_64-linux-gnu/libnss_nis-2.23.so
7f263cf87000-7f263cf88000 rw-p 0000b000 08:01 267421                     /lib/x86_64-linux-gnu/libnss_nis-2.23.so
7f263cf88000-7f263cf9e000 r-xp 00000000 08:01 267405                     /lib/x86_64-linux-gnu/libnsl-2.23.so
7f263cf9e000-7f263d19d000 ---p 00016000 08:01 267405                     /lib/x86_64-linux-gnu/libnsl-2.23.so
7f263d19d000-7f263d19e000 r--p 00015000 08:01 267405                     /lib/x86_64-linux-gnu/libnsl-2.23.so
7f263d19e000-7f263d19f000 rw-p 00016000 08:01 267405                     /lib/x86_64-linux-gnu/libnsl-2.23.so
7f263d19f000-7f263d1a1000 rw-p 00000000 00:00 0 
7f263d1a1000-7f263d1a9000 r-xp 00000000 08:01 267407                     /lib/x86_64-linux-gnu/libnss_compat-2.23.so
7f263d1a9000-7f263d3a8000 ---p 00008000 08:01 267407                     /lib/x86_64-linux-gnu/libnss_compat-2.23.so
7f263d3a8000-7f263d3a9000 r--p 00007000 08:01 267407                     /lib/x86_64-linux-gnu/libnss_compat-2.23.so
7f263d3a9000-7f263d3aa000 rw-p 00008000 08:01 267407                     /lib/x86_64-linux-gnu/libnss_compat-2.23.so
7f263d3aa000-7f263d3b4000 r-xp 00000000 08:01 660516                     /usr/lib/jvm/java-8-openjdk-amd64/jre/lib/amd64/libinstrument.so
7f263d3b4000-7f263d5b3000 ---p 0000a000 08:01 660516                     /usr/lib/jvm/java-8-openjdk-amd64/jre/lib/amd64/libinstrument.so
7f263d5b3000-7f263d5b4000 r--p 00009000 08:01 660516                     /usr/lib/jvm/java-8-openjdk-amd64/jre/lib/amd64/libinstrument.so
7f263d5b4000-7f263d5b5000 rw-p 0000a000 08:01 660516                     /usr/lib/jvm/java-8-openjdk-amd64/jre/lib/amd64/libinstrument.so
7f263d5b5000-7f263df74000 r--p 00000000 08:01 664528                     /usr/lib/locale/locale-archive
7f263df74000-7f263df76000 r-xp 00000000 08:01 660526                     /usr/lib/jvm/java-8-openjdk-amd64/jre/lib/amd64/libnpt.so
7f263df76000-7f263e176000 ---p 00002000 08:01 660526                     /usr/lib/jvm/java-8-openjdk-amd64/jre/lib/amd64/libnpt.so
7f263e176000-7f263e177000 r--p 00002000 08:01 660526                     /usr/lib/jvm/java-8-openjdk-amd64/jre/lib/amd64/libnpt.so
7f263e177000-7f263e178000 rw-p 00003000 08:01 660526                     /usr/lib/jvm/java-8-openjdk-amd64/jre/lib/amd64/libnpt.so
7f263e178000-7f263e1b2000 r-xp 00000000 08:01 659375                     /usr/lib/jvm/java-8-openjdk-amd64/jre/lib/amd64/libjdwp.so
7f263e1b2000-7f263e3b2000 ---p 0003a000 08:01 659375                     /usr/lib/jvm/java-8-openjdk-amd64/jre/lib/amd64/libjdwp.so
7f263e3b2000-7f263e3b3000 r--p 0003a000 08:01 659375                     /usr/lib/jvm/java-8-openjdk-amd64/jre/lib/amd64/libjdwp.so
7f263e3b3000-7f263e3b4000 rw-p 0003b000 08:01 659375                     /usr/lib/jvm/java-8-openjdk-amd64/jre/lib/amd64/libjdwp.so
7f263e3b4000-7f263e3dd000 r-xp 00000000 08:01 659373                     /usr/lib/jvm/java-8-openjdk-amd64/jre/lib/amd64/libjava.so
7f263e3dd000-7f263e5dc000 ---p 00029000 08:01 659373                     /usr/lib/jvm/java-8-openjdk-amd64/jre/lib/amd64/libjava.so
7f263e5dc000-7f263e5dd000 r--p 00028000 08:01 659373                     /usr/lib/jvm/java-8-openjdk-amd64/jre/lib/amd64/libjava.so
7f263e5dd000-7f263e5df000 rw-p 00029000 08:01 659373                     /usr/lib/jvm/java-8-openjdk-amd64/jre/lib/amd64/libjava.so
7f263e5df000-7f263e5ee000 r-xp 00000000 08:01 659391                     /usr/lib/jvm/java-8-openjdk-amd64/jre/lib/amd64/libverify.so
7f263e5ee000-7f263e7ed000 ---p 0000f000 08:01 659391                     /usr/lib/jvm/java-8-openjdk-amd64/jre/lib/amd64/libverify.so
7f263e7ed000-7f263e7ef000 r--p 0000e000 08:01 659391                     /usr/lib/jvm/java-8-openjdk-amd64/jre/lib/amd64/libverify.so
7f263e7ef000-7f263e7f0000 rw-p 00010000 08:01 659391                     /usr/lib/jvm/java-8-openjdk-amd64/jre/lib/amd64/libverify.so
7f263e7f0000-7f263e7f7000 r-xp 00000000 08:01 267466                     /lib/x86_64-linux-gnu/librt-2.23.so
7f263e7f7000-7f263e9f6000 ---p 00007000 08:01 267466                     /lib/x86_64-linux-gnu/librt-2.23.so
7f263e9f6000-7f263e9f7000 r--p 00006000 08:01 267466                     /lib/x86_64-linux-gnu/librt-2.23.so
7f263e9f7000-7f263e9f8000 rw-p 00007000 08:01 267466                     /lib/x86_64-linux-gnu/librt-2.23.so
7f263e9f8000-7f263ea0e000 r-xp 00000000 08:01 267350                     /lib/x86_64-linux-gnu/libgcc_s.so.1
7f263ea0e000-7f263ec0d000 ---p 00016000 08:01 267350                     /lib/x86_64-linux-gnu/libgcc_s.so.1
7f263ec0d000-7f263ec0e000 rw-p 00015000 08:01 267350                     /lib/x86_64-linux-gnu/libgcc_s.so.1
7f263ec0e000-7f263ed16000 r-xp 00000000 08:01 267382                     /lib/x86_64-linux-gnu/libm-2.23.so
7f263ed16000-7f263ef15000 ---p 00108000 08:01 267382                     /lib/x86_64-linux-gnu/libm-2.23.so
7f263ef15000-7f263ef16000 r--p 00107000 08:01 267382                     /lib/x86_64-linux-gnu/libm-2.23.so
7f263ef16000-7f263ef17000 rw-p 00108000 08:01 267382                     /lib/x86_64-linux-gnu/libm-2.23.so
7f263ef17000-7f263f089000 r-xp 00000000 08:01 657789                     /usr/lib/x86_64-linux-gnu/libstdc++.so.6.0.21
7f263f089000-7f263f289000 ---p 00172000 08:01 657789                     /usr/lib/x86_64-linux-gnu/libstdc++.so.6.0.21
7f263f289000-7f263f293000 r--p 00172000 08:01 657789                     /usr/lib/x86_64-linux-gnu/libstdc++.so.6.0.21
7f263f293000-7f263f295000 rw-p 0017c000 08:01 657789                     /usr/lib/x86_64-linux-gnu/libstdc++.so.6.0.21
7f263f295000-7f263f299000 rw-p 00000000 00:00 0 
7f263f299000-7f263fefd000 r-xp 00000000 08:01 660522                     /usr/lib/jvm/java-8-openjdk-amd64/jre/lib/amd64/server/libjvm.so
7f263fefd000-7f26400fc000 ---p 00c64000 08:01 660522                     /usr/lib/jvm/java-8-openjdk-amd64/jre/lib/amd64/server/libjvm.so
7f26400fc000-7f2640190000 r--p 00c63000 08:01 660522                     /usr/lib/jvm/java-8-openjdk-amd64/jre/lib/amd64/server/libjvm.so
7f2640190000-7f26401b9000 rw-p 00cf7000 08:01 660522                     /usr/lib/jvm/java-8-openjdk-amd64/jre/lib/amd64/server/libjvm.so
7f26401b9000-7f26401e9000 rw-p 00000000 00:00 0 
7f26401e9000-7f2640201000 r-xp 00000000 08:01 267458                     /lib/x86_64-linux-gnu/libpthread-2.23.so
7f2640201000-7f2640400000 ---p 00018000 08:01 267458                     /lib/x86_64-linux-gnu/libpthread-2.23.so
7f2640400000-7f2640401000 r--p 00017000 08:01 267458                     /lib/x86_64-linux-gnu/libpthread-2.23.so
7f2640401000-7f2640402000 rw-p 00018000 08:01 267458                     /lib/x86_64-linux-gnu/libpthread-2.23.so
7f2640402000-7f2640406000 rw-p 00000000 00:00 0 
7f2640406000-7f2640409000 r-xp 00000000 08:01 267336                     /lib/x86_64-linux-gnu/libdl-2.23.so
7f2640409000-7f2640608000 ---p 00003000 08:01 267336                     /lib/x86_64-linux-gnu/libdl-2.23.so
7f2640608000-7f2640609000 r--p 00002000 08:01 267336                     /lib/x86_64-linux-gnu/libdl-2.23.so
7f2640609000-7f264060a000 rw-p 00003000 08:01 267336                     /lib/x86_64-linux-gnu/libdl-2.23.so
7f264060a000-7f2640623000 r-xp 00000000 08:01 267503                     /lib/x86_64-linux-gnu/libz.so.1.2.8
7f2640623000-7f2640822000 ---p 00019000 08:01 267503                     /lib/x86_64-linux-gnu/libz.so.1.2.8
7f2640822000-7f2640823000 r--p 00018000 08:01 267503                     /lib/x86_64-linux-gnu/libz.so.1.2.8
7f2640823000-7f2640824000 rw-p 00019000 08:01 267503                     /lib/x86_64-linux-gnu/libz.so.1.2.8
7f2640824000-7f26409e4000 r-xp 00000000 08:01 267312                     /lib/x86_64-linux-gnu/libc-2.23.so
7f26409e4000-7f2640be3000 ---p 001c0000 08:01 267312                     /lib/x86_64-linux-gnu/libc-2.23.so
7f2640be3000-7f2640be7000 r--p 001bf000 08:01 267312                     /lib/x86_64-linux-gnu/libc-2.23.so
7f2640be7000-7f2640be9000 rw-p 001c3000 08:01 267312                     /lib/x86_64-linux-gnu/libc-2.23.so
7f2640be9000-7f2640bed000 rw-p 00000000 00:00 0 
7f2640bed000-7f2640bfa000 r-xp 00000000 08:01 659383                     /usr/lib/jvm/java-8-openjdk-amd64/jre/lib/amd64/jli/libjli.so
7f2640bfa000-7f2640df9000 ---p 0000d000 08:01 659383                     /usr/lib/jvm/java-8-openjdk-amd64/jre/lib/amd64/jli/libjli.so
7f2640df9000-7f2640dfa000 r--p 0000c000 08:01 659383                     /usr/lib/jvm/java-8-openjdk-amd64/jre/lib/amd64/jli/libjli.so
7f2640dfa000-7f2640dfb000 rw-p 0000d000 08:01 659383                     /usr/lib/jvm/java-8-openjdk-amd64/jre/lib/amd64/jli/libjli.so
7f2640dfb000-7f2640e21000 r-xp 00000000 08:01 267284                     /lib/x86_64-linux-gnu/ld-2.23.so
7f2640f01000-7f2640f04000 ---p 00000000 00:00 0 
7f2640f04000-7f2641007000 rw-p 00000000 00:00 0 
7f2641014000-7f264101c000 rw-s 00000000 08:01 1482591                    /tmp/hsperfdata_dev/66060
7f264101c000-7f264101d000 rw-p 00000000 00:00 0 
7f264101d000-7f264101e000 r--p 00000000 00:00 0 
7f264101e000-7f2641020000 rw-p 00000000 00:00 0 
7f2641020000-7f2641021000 r--p 00025000 08:01 267284                     /lib/x86_64-linux-gnu/ld-2.23.so
7f2641021000-7f2641022000 rw-p 00026000 08:01 267284                     /lib/x86_64-linux-gnu/ld-2.23.so
7f2641022000-7f2641023000 rw-p 00000000 00:00 0 
7ffef248e000-7ffef24af000 rw-p 00000000 00:00 0                          [stack]
7ffef25db000-7ffef25dd000 r--p 00000000 00:00 0                          [vvar]
7ffef25dd000-7ffef25df000 r-xp 00000000 00:00 0                          [vdso]
ffffffffff600000-ffffffffff601000 r-xp 00000000 00:00 0                  [vsyscall]

VM Arguments:
jvm_args: -agentlib:jdwp=transport=dt_socket,suspend=y,address=localhost:39797 -javaagent:/home/dev/eclipse/configuration/org.eclipse.osgi/405/0/.cp/lib/javaagent-shaded.jar -Dfile.encoding=UTF-8 
java_command: com.cs381.picto.PictoServerMain
java_class_path (initial): /home/dev/workspace/PictoServer/bin:/home/dev/eclipse/configuration/org.eclipse.osgi/405/0/.cp/lib/javaagent-shaded.jar
Launcher Type: SUN_STANDARD

Environment Variables:
PATH=/home/dev/bin:/home/dev/.local/bin:/usr/local/sbin:/usr/local/bin:/usr/sbin:/usr/bin:/sbin:/bin:/usr/games:/usr/local/games:/snap/bin
SHELL=/bin/bash
DISPLAY=:0

Signal Handlers:
SIGSEGV: [libjvm.so+0xa783e0], sa_mask[0]=11111111011111111101111111111110, sa_flags=SA_RESTART|SA_SIGINFO
SIGBUS: [libjvm.so+0xa783e0], sa_mask[0]=11111111011111111101111111111110, sa_flags=SA_RESTART|SA_SIGINFO
SIGFPE: [libjvm.so+0x8c0e10], sa_mask[0]=11111111011111111101111111111110, sa_flags=SA_RESTART|SA_SIGINFO
SIGPIPE: [libjvm.so+0x8c0e10], sa_mask[0]=11111111011111111101111111111110, sa_flags=SA_RESTART|SA_SIGINFO
SIGXFSZ: [libjvm.so+0x8c0e10], sa_mask[0]=11111111011111111101111111111110, sa_flags=SA_RESTART|SA_SIGINFO
SIGILL: [libjvm.so+0x8c0e10], sa_mask[0]=11111111011111111101111111111110, sa_flags=SA_RESTART|SA_SIGINFO
SIGUSR1: SIG_DFL, sa_mask[0]=00000000000000000000000000000000, sa_flags=none
SIGUSR2: [libjvm.so+0x8c0cc0], sa_mask[0]=00100000000000000000000000000000, sa_flags=SA_RESTART|SA_SIGINFO
SIGHUP: SIG_DFL, sa_mask[0]=00000000000000000000000000000000, sa_flags=none
SIGINT: SIG_DFL, sa_mask[0]=00000000000000000000000000000000, sa_flags=none
SIGTERM: SIG_DFL, sa_mask[0]=00000000000000000000000000000000, sa_flags=none
SIGQUIT: SIG_DFL, sa_mask[0]=00000000000000000000000000000000, sa_flags=none


---------------  S Y S T E M  ---------------

OS:DISTRIB_ID=Ubuntu
DISTRIB_RELEASE=16.04
DISTRIB_CODENAME=xenial
DISTRIB_DESCRIPTION="Ubuntu 16.04.1 LTS"

uname:Linux 4.4.0-31-generic #50-Ubuntu SMP Wed Jul 13 00:07:12 UTC 2016 x86_64
libc:glibc 2.23 NPTL 2.23 
rlimit: STACK 8192k, CORE 0k, NPROC 15219, NOFILE 65536, AS infinity
load average:1.29 0.55 0.31

/proc/meminfo:
MemTotal:        3934652 kB
MemFree:          105388 kB
MemAvailable:      15372 kB
Buffers:            1328 kB
Cached:            40252 kB
SwapCached:          348 kB
Active:          2434924 kB
Inactive:         774980 kB
Active(anon):    2420332 kB
Inactive(anon):   764568 kB
Active(file):      14592 kB
Inactive(file):    10412 kB
Unevictable:          32 kB
Mlocked:              32 kB
SwapTotal:       2094076 kB
SwapFree:              4 kB
Dirty:               124 kB
Writeback:             0 kB
AnonPages:       3168172 kB
Mapped:            20716 kB
Shmem:             16452 kB
Slab:              88808 kB
SReclaimable:      34784 kB
SUnreclaim:        54024 kB
KernelStack:       14736 kB
PageTables:        45324 kB
NFS_Unstable:          0 kB
Bounce:                0 kB
WritebackTmp:          0 kB
CommitLimit:     4061400 kB
Committed_AS:    8844944 kB
VmallocTotal:   34359738367 kB
VmallocUsed:           0 kB
VmallocChunk:          0 kB
HardwareCorrupted:     0 kB
AnonHugePages:   2076672 kB
CmaTotal:              0 kB
CmaFree:               0 kB
HugePages_Total:       0
HugePages_Free:        0
HugePages_Rsvd:        0
HugePages_Surp:        0
Hugepagesize:       2048 kB
DirectMap4k:      399168 kB
DirectMap2M:     3700736 kB
DirectMap1G:           0 kB

container (cgroup) information:
container_type: cgroupv1
cpu_cpuset_cpus: 0
cpu_memory_nodes: 0
active_processor_count: 1
cpu_quota: -1
cpu_period: 100000
cpu_shares: -1
memory_limit_in_bytes: -1
memory_and_swap_limit_in_bytes: -2
memory_soft_limit_in_bytes: -1
memory_usage_in_bytes: 3286585344
memory_max_usage_in_bytes: 0


CPU:total 1 (initial active 1) (1 cores per cpu, 1 threads per core) family 6 model 70 stepping 1, cmov, cx8, fxsr, mmx, sse, sse2, sse3, ssse3, sse4.1, sse4.2, popcnt, avx, avx2, aes, clmul, erms, lzcnt, tsc, tscinvbit, bmi1, bmi2

/proc/cpuinfo:
processor	: 0
vendor_id	: GenuineIntel
cpu family	: 6
model		: 70
model name	: Intel(R) Core(TM) i7-4850HQ CPU @ 2.30GHz
stepping	: 1
microcode	: 0x1b
cpu MHz		: 2294.762
cache size	: 6144 KB
physical id	: 0
siblings	: 1
core id		: 0
cpu cores	: 1
apicid		: 0
initial apicid	: 0
fpu		: yes
fpu_exception	: yes
cpuid level	: 13
wp		: yes
flags		: fpu vme de pse tsc msr pae mce cx8 apic sep mtrr pge mca cmov pat pse36 clflush dts mmx fxsr sse sse2 ss syscall nx pdpe1gb rdtscp lm constant_tsc arch_perfmon pebs bts nopl xtopology tsc_reliable nonstop_tsc aperfmperf eagerfpu pni pclmulqdq ssse3 fma cx16 pcid sse4_1 sse4_2 x2apic movbe popcnt tsc_deadline_timer aes xsave avx f16c rdrand hypervisor lahf_lm abm epb fsgsbase tsc_adjust bmi1 avx2 smep bmi2 invpcid xsaveopt dtherm ida arat pln pts
bugs		:
bogomips	: 4589.52
clflush size	: 64
cache_alignment	: 64
address sizes	: 42 bits physical, 48 bits virtual
power management:



Memory: 4k page, physical 3934652k(105908k free), swap 2094076k(20k free)

vm_info: OpenJDK 64-Bit Server VM (25.222-b10) for linux-amd64 JRE (1.8.0_222-8u222-b10-1ubuntu1~16.04.1-b10), built on Jul 18 2019 20:25:18 by "buildd" with gcc 5.4.0 20160609

time: Fri Oct 18 14:29:19 2019
timezone: PDT
elapsed time: 0 seconds (0d 0h 0m 0s)

